<?xml version="1.0" encoding="UTF-8"?>
<!-- Generated by org.testng.reporters.JUnitXMLReporter -->
<testsuite ignored="0" hostname="DESKTOP-PJQ4V1R" failures="0" tests="3" name="Test" time="39.443" errors="0" timestamp="2022-04-23T12:21:02 IST">
  <testcase classname="TestNG_Parameters.TestCases_dependsOnMethod" name="testcase003" time="8.242"/>
  <testcase classname="TestNG_Parameters.TestCases_dependsOnMethod" name="testcase002" time="0.876"/>
  <testcase classname="TestNG_Parameters.TestCases_dependsOnMethod" name="testcase001" time="6.364"/>
</testsuite> <!-- Test -->
